  poo_project_phase3.cpp
C:\Users\Vlad\Desktop\GitHub Repos\oop_project\poo_project_phase3\poo_project_phase3.cpp(2202,1): warning C4267: '=': conversion from 'size_t' to 'int', possible loss of data
C:\Users\Vlad\Desktop\GitHub Repos\oop_project\poo_project_phase3\poo_project_phase3.cpp(2207,1): warning C4267: '=': conversion from 'size_t' to 'int', possible loss of data
C:\Users\Vlad\Desktop\GitHub Repos\oop_project\poo_project_phase3\poo_project_phase3.cpp(2212,1): warning C4267: '=': conversion from 'size_t' to 'int', possible loss of data
C:\Users\Vlad\Desktop\GitHub Repos\oop_project\poo_project_phase3\poo_project_phase3.cpp(2217,1): warning C4267: '=': conversion from 'size_t' to 'int', possible loss of data
C:\Users\Vlad\Desktop\GitHub Repos\oop_project\poo_project_phase3\poo_project_phase3.cpp(2222,1): warning C4267: '=': conversion from 'size_t' to 'int', possible loss of data
C:\Users\Vlad\Desktop\GitHub Repos\oop_project\poo_project_phase3\poo_project_phase3.cpp(2227,1): warning C4267: '=': conversion from 'size_t' to 'int', possible loss of data
C:\Users\Vlad\Desktop\GitHub Repos\oop_project\poo_project_phase3\poo_project_phase3.cpp(2232,1): warning C4267: '=': conversion from 'size_t' to 'int', possible loss of data
C:\Users\Vlad\Desktop\GitHub Repos\oop_project\poo_project_phase3\poo_project_phase3.cpp(2237,1): warning C4267: '=': conversion from 'size_t' to 'int', possible loss of data
C:\Users\Vlad\Desktop\GitHub Repos\oop_project\poo_project_phase3\poo_project_phase3.cpp(2298,36): warning C4267: '=': conversion from 'size_t' to 'int', possible loss of data
C:\Users\Vlad\Desktop\GitHub Repos\oop_project\poo_project_phase3\poo_project_phase3.cpp(2303,39): warning C4267: '=': conversion from 'size_t' to 'int', possible loss of data
C:\Users\Vlad\Desktop\GitHub Repos\oop_project\poo_project_phase3\poo_project_phase3.cpp(2308,37): warning C4267: '=': conversion from 'size_t' to 'int', possible loss of data
C:\Users\Vlad\Desktop\GitHub Repos\oop_project\poo_project_phase3\poo_project_phase3.cpp(2338,52): warning C4267: '=': conversion from 'size_t' to 'int', possible loss of data
C:\Users\Vlad\Desktop\GitHub Repos\oop_project\poo_project_phase3\poo_project_phase3.cpp(2467,42): warning C4267: '=': conversion from 'size_t' to 'int', possible loss of data
C:\Users\Vlad\Desktop\GitHub Repos\oop_project\poo_project_phase3\poo_project_phase3.cpp(2507,49): warning C4267: 'initializing': conversion from 'size_t' to 'int', possible loss of data
C:\Users\Vlad\Desktop\GitHub Repos\oop_project\poo_project_phase3\poo_project_phase3.cpp(2512,12): warning C4834: discarding return value of function with 'nodiscard' attribute
C:\Users\Vlad\Desktop\GitHub Repos\oop_project\poo_project_phase3\poo_project_phase3.cpp(2534,12): warning C4834: discarding return value of function with 'nodiscard' attribute
C:\Users\Vlad\Desktop\GitHub Repos\oop_project\poo_project_phase3\poo_project_phase3.cpp(2588,40): warning C4267: '=': conversion from 'size_t' to 'int', possible loss of data
C:\Users\Vlad\Desktop\GitHub Repos\oop_project\poo_project_phase3\poo_project_phase3.cpp(2706,42): warning C4267: '=': conversion from 'size_t' to 'int', possible loss of data
C:\Users\Vlad\Desktop\GitHub Repos\oop_project\poo_project_phase3\poo_project_phase3.cpp(2815,42): warning C4267: '=': conversion from 'size_t' to 'int', possible loss of data
C:\Users\Vlad\Desktop\GitHub Repos\oop_project\poo_project_phase3\poo_project_phase3.cpp(2962,42): warning C4267: '=': conversion from 'size_t' to 'int', possible loss of data
C:\Users\Vlad\Desktop\GitHub Repos\oop_project\poo_project_phase3\poo_project_phase3.cpp(3306,53): warning C4267: 'initializing': conversion from 'size_t' to 'int', possible loss of data
C:\Users\Vlad\Desktop\GitHub Repos\oop_project\poo_project_phase3\poo_project_phase3.cpp(3311,16): warning C4834: discarding return value of function with 'nodiscard' attribute
C:\Users\Vlad\Desktop\GitHub Repos\oop_project\poo_project_phase3\poo_project_phase3.cpp(3333,16): warning C4834: discarding return value of function with 'nodiscard' attribute
C:\Users\Vlad\Desktop\GitHub Repos\oop_project\poo_project_phase3\poo_project_phase3.cpp(3778,117): warning C4267: 'argument': conversion from 'size_t' to 'int', possible loss of data
C:\Users\Vlad\Desktop\GitHub Repos\oop_project\poo_project_phase3\poo_project_phase3.cpp(4033,103): warning C4267: 'argument': conversion from 'size_t' to 'int', possible loss of data
C:\Users\Vlad\Desktop\GitHub Repos\oop_project\poo_project_phase3\poo_project_phase3.cpp(4055,84): warning C4267: 'argument': conversion from 'size_t' to 'int', possible loss of data
  poo_project_phase3.vcxproj -> C:\Users\Vlad\Desktop\GitHub Repos\oop_project\x64\Debug\poo_project_phase3.exe
